android-part/zorin-connect-android/build/intermediates/manifest_merge_blame_file/release/processReleaseMainManifest/manifest-merger-blame-release-report.txt
1<?xml version="1.0" encoding="utf-8"?>
2<!--
3SPDX-FileCopyrightText: 2023 Albert Vaca Cintora <albertvaka@gmail.com>
4
5SPDX-License-Identifier: GPL-2.0-only OR GPL-3.0-only OR LicenseRef-KDE-Accepted-GPL
6-->
7<manifest xmlns:android="http://schemas.android.com/apk/res/android"
8    package="com.zorinos.zorin_connect"
9    android:versionCode="13302"
10    android:versionName="1.33.2" >
11
12    <uses-sdk
13        android:minSdkVersion="21"
14        android:targetSdkVersion="35" />
15
16    <uses-feature
16-->android-part/zorin-connect-android/AndroidManifest.xml:12:5-14:36
17        android:name="android.hardware.telephony"
17-->android-part/zorin-connect-android/AndroidManifest.xml:13:9-50
18        android:required="false" />
18-->android-part/zorin-connect-android/AndroidManifest.xml:14:9-33
19    <uses-feature
19-->android-part/zorin-connect-android/AndroidManifest.xml:15:5-17:36
20        android:name="android.hardware.touchscreen"
20-->android-part/zorin-connect-android/AndroidManifest.xml:16:9-52
21        android:required="false" />
21-->android-part/zorin-connect-android/AndroidManifest.xml:17:9-33
22    <uses-feature
22-->android-part/zorin-connect-android/AndroidManifest.xml:18:5-20:36
23        android:name="android.software.leanback"
23-->android-part/zorin-connect-android/AndroidManifest.xml:19:9-49
24        android:required="false" />
24-->android-part/zorin-connect-android/AndroidManifest.xml:20:9-33
25    <uses-feature
25-->android-part/zorin-connect-android/AndroidManifest.xml:21:5-23:36
26        android:name="android.hardware.bluetooth"
26-->android-part/zorin-connect-android/AndroidManifest.xml:22:9-50
27        android:required="false" />
27-->android-part/zorin-connect-android/AndroidManifest.xml:23:9-33
28    <uses-feature
28-->android-part/zorin-connect-android/AndroidManifest.xml:24:5-26:36
29        android:name="android.hardware.location.gps"
29-->android-part/zorin-connect-android/AndroidManifest.xml:25:9-53
30        android:required="false" />
30-->android-part/zorin-connect-android/AndroidManifest.xml:26:9-33
31    <uses-feature
31-->android-part/zorin-connect-android/AndroidManifest.xml:27:5-29:36
32        android:name="android.hardware.microphone"
32-->android-part/zorin-connect-android/AndroidManifest.xml:28:9-51
33        android:required="false" />
33-->android-part/zorin-connect-android/AndroidManifest.xml:29:9-33
34
35    <uses-permission android:name="android.permission.RECEIVE_BOOT_COMPLETED" />
35-->android-part/zorin-connect-android/AndroidManifest.xml:31:5-81
35-->android-part/zorin-connect-android/AndroidManifest.xml:31:22-78
36    <uses-permission android:name="android.permission.INTERNET" />
36-->android-part/zorin-connect-android/AndroidManifest.xml:32:5-67
36-->android-part/zorin-connect-android/AndroidManifest.xml:32:22-64
37    <uses-permission
37-->android-part/zorin-connect-android/AndroidManifest.xml:33:5-95
38        android:name="android.permission.BLUETOOTH"
38-->android-part/zorin-connect-android/AndroidManifest.xml:33:22-65
39        android:maxSdkVersion="30" />
39-->android-part/zorin-connect-android/AndroidManifest.xml:33:66-92
40    <uses-permission
40-->android-part/zorin-connect-android/AndroidManifest.xml:34:5-101
41        android:name="android.permission.BLUETOOTH_ADMIN"
41-->android-part/zorin-connect-android/AndroidManifest.xml:34:22-71
42        android:maxSdkVersion="30" />
42-->android-part/zorin-connect-android/AndroidManifest.xml:34:72-98
43    <uses-permission android:name="android.permission.BLUETOOTH_CONNECT" />
43-->android-part/zorin-connect-android/AndroidManifest.xml:35:5-76
43-->android-part/zorin-connect-android/AndroidManifest.xml:35:22-73
44    <uses-permission android:name="android.permission.BLUETOOTH_SCAN" />
44-->android-part/zorin-connect-android/AndroidManifest.xml:36:5-73
44-->android-part/zorin-connect-android/AndroidManifest.xml:36:22-70
45    <uses-permission android:name="android.permission.ACCESS_NETWORK_STATE" />
45-->android-part/zorin-connect-android/AndroidManifest.xml:37:5-79
45-->android-part/zorin-connect-android/AndroidManifest.xml:37:22-76
46    <uses-permission android:name="android.permission.CHANGE_NETWORK_STATE" />
46-->android-part/zorin-connect-android/AndroidManifest.xml:38:5-79
46-->android-part/zorin-connect-android/AndroidManifest.xml:38:22-76
47    <uses-permission android:name="android.permission.ACCESS_WIFI_STATE" />
47-->android-part/zorin-connect-android/AndroidManifest.xml:39:5-76
47-->android-part/zorin-connect-android/AndroidManifest.xml:39:22-73
48    <uses-permission android:name="android.permission.CHANGE_WIFI_STATE" />
48-->android-part/zorin-connect-android/AndroidManifest.xml:40:5-76
48-->android-part/zorin-connect-android/AndroidManifest.xml:40:22-73
49    <uses-permission android:name="android.permission.CHANGE_WIFI_MULTICAST_STATE" />
49-->android-part/zorin-connect-android/AndroidManifest.xml:41:5-86
49-->android-part/zorin-connect-android/AndroidManifest.xml:41:22-83
50    <uses-permission android:name="android.permission.READ_PHONE_STATE" />
50-->android-part/zorin-connect-android/AndroidManifest.xml:42:5-75
50-->android-part/zorin-connect-android/AndroidManifest.xml:42:22-72
51    <uses-permission android:name="android.permission.READ_CONTACTS" />
51-->android-part/zorin-connect-android/AndroidManifest.xml:43:5-72
51-->android-part/zorin-connect-android/AndroidManifest.xml:43:22-69
52    <uses-permission android:name="android.permission.READ_EXTERNAL_STORAGE" />
52-->android-part/zorin-connect-android/AndroidManifest.xml:44:5-80
52-->android-part/zorin-connect-android/AndroidManifest.xml:44:22-77
53    <uses-permission android:name="android.permission.VIBRATE" />
53-->android-part/zorin-connect-android/AndroidManifest.xml:45:5-66
53-->android-part/zorin-connect-android/AndroidManifest.xml:45:22-63
54    <uses-permission android:name="android.permission.WRITE_EXTERNAL_STORAGE" />
54-->android-part/zorin-connect-android/AndroidManifest.xml:46:5-81
54-->android-part/zorin-connect-android/AndroidManifest.xml:46:22-78
55    <uses-permission android:name="android.permission.DOWNLOAD_WITHOUT_NOTIFICATION" />
55-->android-part/zorin-connect-android/AndroidManifest.xml:47:5-88
55-->android-part/zorin-connect-android/AndroidManifest.xml:47:22-85
56    <uses-permission android:name="android.permission.FOREGROUND_SERVICE" />
56-->android-part/zorin-connect-android/AndroidManifest.xml:48:5-77
56-->android-part/zorin-connect-android/AndroidManifest.xml:48:22-74
57    <uses-permission android:name="android.permission.READ_CALL_LOG" />
57-->android-part/zorin-connect-android/AndroidManifest.xml:49:5-72
57-->android-part/zorin-connect-android/AndroidManifest.xml:49:22-69
58    <uses-permission android:name="android.permission.SEND_SMS" />
58-->android-part/zorin-connect-android/AndroidManifest.xml:50:5-67
58-->android-part/zorin-connect-android/AndroidManifest.xml:50:22-64
59    <uses-permission android:name="android.permission.READ_SMS" />
59-->android-part/zorin-connect-android/AndroidManifest.xml:51:5-67
59-->android-part/zorin-connect-android/AndroidManifest.xml:51:22-64
60    <uses-permission android:name="android.permission.RECEIVE_SMS" />
60-->android-part/zorin-connect-android/AndroidManifest.xml:52:5-70
60-->android-part/zorin-connect-android/AndroidManifest.xml:52:22-67
61    <uses-permission android:name="android.permission.RECEIVE_MMS" />
61-->android-part/zorin-connect-android/AndroidManifest.xml:53:5-70
61-->android-part/zorin-connect-android/AndroidManifest.xml:53:22-67
62    <uses-permission android:name="android.permission.WAKE_LOCK" />
62-->android-part/zorin-connect-android/AndroidManifest.xml:54:5-68
62-->android-part/zorin-connect-android/AndroidManifest.xml:54:22-65
63    <uses-permission android:name="android.permission.REQUEST_INSTALL_PACKAGES" />
63-->android-part/zorin-connect-android/AndroidManifest.xml:55:5-83
63-->android-part/zorin-connect-android/AndroidManifest.xml:55:22-80
64    <uses-permission android:name="android.permission.USE_FULL_SCREEN_INTENT" />
64-->android-part/zorin-connect-android/AndroidManifest.xml:56:5-81
64-->android-part/zorin-connect-android/AndroidManifest.xml:56:22-78
65    <uses-permission android:name="android.permission.ACCESS_COARSE_LOCATION" />
65-->android-part/zorin-connect-android/AndroidManifest.xml:57:5-81
65-->android-part/zorin-connect-android/AndroidManifest.xml:57:22-78
66    <uses-permission android:name="android.permission.ACCESS_FINE_LOCATION" />
66-->android-part/zorin-connect-android/AndroidManifest.xml:58:5-79
66-->android-part/zorin-connect-android/AndroidManifest.xml:58:22-76
67    <uses-permission android:name="android.permission.RECORD_AUDIO" />
67-->android-part/zorin-connect-android/AndroidManifest.xml:59:5-71
67-->android-part/zorin-connect-android/AndroidManifest.xml:59:22-68
68    <uses-permission android:name="android.permission.QUERY_ALL_PACKAGES" />
68-->android-part/zorin-connect-android/AndroidManifest.xml:60:5-119
68-->android-part/zorin-connect-android/AndroidManifest.xml:60:22-74
69    <uses-permission android:name="android.permission.ACCESS_BACKGROUND_LOCATION" />
69-->android-part/zorin-connect-android/AndroidManifest.xml:61:5-85
69-->android-part/zorin-connect-android/AndroidManifest.xml:61:22-82
70    <uses-permission android:name="android.permission.READ_LOGS" />
70-->android-part/zorin-connect-android/AndroidManifest.xml:62:5-104
70-->android-part/zorin-connect-android/AndroidManifest.xml:62:22-65
71    <uses-permission android:name="android.permission.SYSTEM_ALERT_WINDOW" />
71-->android-part/zorin-connect-android/AndroidManifest.xml:63:5-78
71-->android-part/zorin-connect-android/AndroidManifest.xml:63:22-75
72    <uses-permission android:name="android.permission.FOREGROUND_SERVICE_CONNECTED_DEVICE" />
72-->android-part/zorin-connect-android/AndroidManifest.xml:64:5-94
72-->android-part/zorin-connect-android/AndroidManifest.xml:64:22-91
73    <uses-permission android:name="android.permission.MANAGE_EXTERNAL_STORAGE" />
73-->android-part/zorin-connect-android/AndroidManifest.xml:65:5-111
73-->android-part/zorin-connect-android/AndroidManifest.xml:65:22-79
74    <uses-permission android:name="android.permission.POST_NOTIFICATIONS" />
74-->android-part/zorin-connect-android/AndroidManifest.xml:66:5-77
74-->android-part/zorin-connect-android/AndroidManifest.xml:66:22-74
75
76    <permission
76-->[androidx.core:core:1.15.0] AndroidManifest.xml:22:5-24:47
77        android:name="com.zorinos.zorin_connect.DYNAMIC_RECEIVER_NOT_EXPORTED_PERMISSION"
77-->[androidx.core:core:1.15.0] AndroidManifest.xml:23:9-81
78        android:protectionLevel="signature" />
78-->[androidx.core:core:1.15.0] AndroidManifest.xml:24:9-44
79
80    <uses-permission android:name="com.zorinos.zorin_connect.DYNAMIC_RECEIVER_NOT_EXPORTED_PERMISSION" />
80-->[androidx.core:core:1.15.0] AndroidManifest.xml:26:5-97
80-->[androidx.core:core:1.15.0] AndroidManifest.xml:26:22-94
81
82    <application
82-->android-part/zorin-connect-android/AndroidManifest.xml:68:5-460:19
83        android:name="org.kde.kdeconnect.KdeConnect"
83-->android-part/zorin-connect-android/AndroidManifest.xml:78:9-53
84        android:allowBackup="false"
84-->android-part/zorin-connect-android/AndroidManifest.xml:74:9-36
85        android:appComponentFactory="androidx.core.app.CoreComponentFactory"
85-->[androidx.core:core:1.15.0] AndroidManifest.xml:28:18-86
86        android:banner="@mipmap/ic_launcher_banner"
86-->android-part/zorin-connect-android/AndroidManifest.xml:72:9-52
87        android:dataExtractionRules="@xml/data_extraction_rules"
87-->android-part/zorin-connect-android/AndroidManifest.xml:75:9-65
88        android:enableOnBackInvokedCallback="true"
88-->android-part/zorin-connect-android/AndroidManifest.xml:79:9-51
89        android:extractNativeLibs="true"
90        android:icon="@mipmap/ic_launcher"
90-->android-part/zorin-connect-android/AndroidManifest.xml:69:9-43
91        android:label="@string/kde_connect"
91-->android-part/zorin-connect-android/AndroidManifest.xml:71:9-44
92        android:localeConfig="@xml/_generated_res_locale_config"
93        android:networkSecurityConfig="@xml/network_security_config"
93-->android-part/zorin-connect-android/AndroidManifest.xml:76:9-69
94        android:requestLegacyExternalStorage="true"
94-->android-part/zorin-connect-android/AndroidManifest.xml:80:9-52
95        android:roundIcon="@mipmap/ic_launcher_round"
95-->android-part/zorin-connect-android/AndroidManifest.xml:70:9-54
96        android:supportsRtl="true"
96-->android-part/zorin-connect-android/AndroidManifest.xml:73:9-35
97        android:theme="@style/KdeConnectTheme.NoActionBar" > <!-- requestLegacyExternalStorage is only used in Android 10: https://developer.android.com/training/data-storage/use-cases#opt-out-in-production-app -->
97-->android-part/zorin-connect-android/AndroidManifest.xml:77:9-59
98
99        <receiver
99-->android-part/zorin-connect-android/AndroidManifest.xml:83:9-92:20
100            android:name="com.android.mms.transaction.PushReceiver"
100-->android-part/zorin-connect-android/AndroidManifest.xml:84:13-68
101            android:exported="true"
101-->android-part/zorin-connect-android/AndroidManifest.xml:85:13-36
102            android:permission="android.permission.BROADCAST_WAP_PUSH" >
102-->android-part/zorin-connect-android/AndroidManifest.xml:86:13-71
103            <intent-filter>
103-->android-part/zorin-connect-android/AndroidManifest.xml:87:13-91:29
104                <action android:name="android.provider.Telephony.WAP_PUSH_DELIVER" />
104-->android-part/zorin-connect-android/AndroidManifest.xml:88:17-86
104-->android-part/zorin-connect-android/AndroidManifest.xml:88:25-83
105
106                <data android:mimeType="application/vnd.wap.mms-message" />
106-->android-part/zorin-connect-android/AndroidManifest.xml:90:17-76
106-->android-part/zorin-connect-android/AndroidManifest.xml:90:23-73
107            </intent-filter>
108        </receiver>
109
110        <service
110-->android-part/zorin-connect-android/AndroidManifest.xml:94:9-97:39
111            android:name="com.android.mms.transaction.TransactionService"
111-->android-part/zorin-connect-android/AndroidManifest.xml:95:13-74
112            android:enabled="true"
112-->android-part/zorin-connect-android/AndroidManifest.xml:96:13-35
113            android:exported="true" />
113-->android-part/zorin-connect-android/AndroidManifest.xml:97:13-36
114        <service
114-->android-part/zorin-connect-android/AndroidManifest.xml:99:9-103:38
115            android:name="org.kde.kdeconnect.BackgroundService"
115-->android-part/zorin-connect-android/AndroidManifest.xml:100:13-64
116            android:enabled="true"
116-->android-part/zorin-connect-android/AndroidManifest.xml:103:13-35
117            android:foregroundServiceType="connectedDevice|mediaProjection"
117-->android-part/zorin-connect-android/AndroidManifest.xml:101:13-76
118            android:icon="@drawable/icon" />
118-->android-part/zorin-connect-android/AndroidManifest.xml:102:13-42
119        <service
119-->android-part/zorin-connect-android/AndroidManifest.xml:104:9-116:19
120            android:name="org.kde.kdeconnect.Plugins.RemoteKeyboardPlugin.RemoteKeyboardService"
120-->android-part/zorin-connect-android/AndroidManifest.xml:105:13-97
121            android:exported="true"
121-->android-part/zorin-connect-android/AndroidManifest.xml:107:13-36
122            android:label="@string/remote_keyboard_service"
122-->android-part/zorin-connect-android/AndroidManifest.xml:106:13-60
123            android:permission="android.permission.BIND_INPUT_METHOD" >
123-->android-part/zorin-connect-android/AndroidManifest.xml:108:13-70
124            <intent-filter>
124-->android-part/zorin-connect-android/AndroidManifest.xml:109:13-111:29
125                <action android:name="android.view.InputMethod" />
125-->android-part/zorin-connect-android/AndroidManifest.xml:110:17-67
125-->android-part/zorin-connect-android/AndroidManifest.xml:110:25-64
126            </intent-filter>
127
128            <meta-data
128-->android-part/zorin-connect-android/AndroidManifest.xml:113:13-115:71
129                android:name="android.view.im"
129-->android-part/zorin-connect-android/AndroidManifest.xml:114:17-47
130                android:resource="@xml/remotekeyboardplugin_method" />
130-->android-part/zorin-connect-android/AndroidManifest.xml:115:17-68
131        </service>
132
133        <activity
133-->android-part/zorin-connect-android/AndroidManifest.xml:118:9-135:20
134            android:name="org.kde.kdeconnect.UserInterface.MainActivity"
134-->android-part/zorin-connect-android/AndroidManifest.xml:119:13-73
135            android:exported="true" >
135-->android-part/zorin-connect-android/AndroidManifest.xml:120:13-36
136            <intent-filter>
136-->android-part/zorin-connect-android/AndroidManifest.xml:121:13-125:29
137                <action android:name="android.intent.action.MAIN" />
137-->android-part/zorin-connect-android/AndroidManifest.xml:122:17-69
137-->android-part/zorin-connect-android/AndroidManifest.xml:122:25-66
138
139                <category android:name="android.intent.category.LAUNCHER" />
139-->android-part/zorin-connect-android/AndroidManifest.xml:124:17-77
139-->android-part/zorin-connect-android/AndroidManifest.xml:124:27-74
140            </intent-filter>
141            <intent-filter>
141-->android-part/zorin-connect-android/AndroidManifest.xml:126:13-128:29
142                <action android:name="android.service.quicksettings.action.QS_TILE_PREFERENCES" />
142-->android-part/zorin-connect-android/AndroidManifest.xml:127:17-98
142-->android-part/zorin-connect-android/AndroidManifest.xml:127:25-96
143            </intent-filter>
144            <intent-filter>
144-->android-part/zorin-connect-android/AndroidManifest.xml:129:13-131:29
145                <action android:name="android.intent.action.MAIN" />
145-->android-part/zorin-connect-android/AndroidManifest.xml:122:17-69
145-->android-part/zorin-connect-android/AndroidManifest.xml:122:25-66
146            </intent-filter>
147
148            <meta-data
148-->android-part/zorin-connect-android/AndroidManifest.xml:133:13-134:53
149                android:name="android.app.shortcuts"
149-->android-part/zorin-connect-android/AndroidManifest.xml:133:24-60
150                android:resource="@xml/shortcuts" />
150-->android-part/zorin-connect-android/AndroidManifest.xml:134:17-50
151        </activity>
152        <activity
152-->android-part/zorin-connect-android/AndroidManifest.xml:136:9-144:20
153            android:name="org.kde.kdeconnect.UserInterface.PluginSettingsActivity"
153-->android-part/zorin-connect-android/AndroidManifest.xml:137:13-83
154            android:exported="false"
154-->android-part/zorin-connect-android/AndroidManifest.xml:139:13-37
155            android:label="@string/device_menu_plugins"
155-->android-part/zorin-connect-android/AndroidManifest.xml:138:13-56
156            android:parentActivityName="org.kde.kdeconnect.UserInterface.MainActivity" >
156-->android-part/zorin-connect-android/AndroidManifest.xml:140:13-87
157            <meta-data
157-->android-part/zorin-connect-android/AndroidManifest.xml:141:13-143:81
158                android:name="android.support.PARENT_ACTIVITY"
158-->android-part/zorin-connect-android/AndroidManifest.xml:142:17-63
159                android:value="org.kde.kdeconnect.UserInterface.MainActivity" />
159-->android-part/zorin-connect-android/AndroidManifest.xml:143:17-78
160        </activity>
161        <activity
161-->android-part/zorin-connect-android/AndroidManifest.xml:145:9-153:20
162            android:name="org.kde.kdeconnect.UserInterface.CustomDevicesActivity"
162-->android-part/zorin-connect-android/AndroidManifest.xml:146:13-82
163            android:exported="false"
163-->android-part/zorin-connect-android/AndroidManifest.xml:148:13-37
164            android:label="@string/custom_devices_settings"
164-->android-part/zorin-connect-android/AndroidManifest.xml:147:13-60
165            android:parentActivityName="org.kde.kdeconnect.UserInterface.MainActivity" >
165-->android-part/zorin-connect-android/AndroidManifest.xml:149:13-87
166            <meta-data
166-->android-part/zorin-connect-android/AndroidManifest.xml:141:13-143:81
167                android:name="android.support.PARENT_ACTIVITY"
167-->android-part/zorin-connect-android/AndroidManifest.xml:142:17-63
168                android:value="org.kde.kdeconnect.UserInterface.MainActivity" />
168-->android-part/zorin-connect-android/AndroidManifest.xml:143:17-78
169        </activity>
170        <activity
170-->android-part/zorin-connect-android/AndroidManifest.xml:154:9-162:20
171            android:name="org.kde.kdeconnect.Plugins.SharePlugin.SendFileActivity"
171-->android-part/zorin-connect-android/AndroidManifest.xml:155:13-83
172            android:exported="true"
172-->android-part/zorin-connect-android/AndroidManifest.xml:157:13-36
173            android:label="Zorin Connect"
173-->android-part/zorin-connect-android/AndroidManifest.xml:156:13-42
174            android:parentActivityName="org.kde.kdeconnect.UserInterface.MainActivity" >
174-->android-part/zorin-connect-android/AndroidManifest.xml:158:13-87
175            <meta-data
175-->android-part/zorin-connect-android/AndroidManifest.xml:141:13-143:81
176                android:name="android.support.PARENT_ACTIVITY"
176-->android-part/zorin-connect-android/AndroidManifest.xml:142:17-63
177                android:value="org.kde.kdeconnect.UserInterface.MainActivity" />
177-->android-part/zorin-connect-android/AndroidManifest.xml:143:17-78
178        </activity>
179
180        <receiver
180-->android-part/zorin-connect-android/AndroidManifest.xml:164:9-178:20
181            android:name="org.kde.kdeconnect.KdeConnectBroadcastReceiver"
181-->android-part/zorin-connect-android/AndroidManifest.xml:164:19-80
182            android:exported="true" >
182-->android-part/zorin-connect-android/AndroidManifest.xml:165:13-36
183            <intent-filter>
183-->android-part/zorin-connect-android/AndroidManifest.xml:166:13-168:29
184                <action android:name="android.intent.action.MY_PACKAGE_REPLACED" />
184-->android-part/zorin-connect-android/AndroidManifest.xml:167:17-83
184-->android-part/zorin-connect-android/AndroidManifest.xml:167:25-81
185            </intent-filter>
186            <intent-filter>
186-->android-part/zorin-connect-android/AndroidManifest.xml:169:13-171:29
187                <action android:name="android.intent.action.BOOT_COMPLETED" />
187-->android-part/zorin-connect-android/AndroidManifest.xml:170:17-79
187-->android-part/zorin-connect-android/AndroidManifest.xml:170:25-76
188            </intent-filter>
189            <intent-filter>
189-->android-part/zorin-connect-android/AndroidManifest.xml:172:13-174:29
190                <action android:name="android.net.conn.CONNECTIVITY_CHANGE" />
190-->android-part/zorin-connect-android/AndroidManifest.xml:173:17-79
190-->android-part/zorin-connect-android/AndroidManifest.xml:173:25-76
191            </intent-filter>
192            <intent-filter>
192-->android-part/zorin-connect-android/AndroidManifest.xml:175:13-177:29
193                <action android:name="android.net.wifi.WIFI_STATE_CHANGED" />
193-->android-part/zorin-connect-android/AndroidManifest.xml:176:17-78
193-->android-part/zorin-connect-android/AndroidManifest.xml:176:25-75
194            </intent-filter>
195        </receiver>
196
197        <activity
197-->android-part/zorin-connect-android/AndroidManifest.xml:180:9-185:51
198            android:name="org.kde.kdeconnect.Plugins.FindMyPhonePlugin.FindMyPhoneActivity"
198-->android-part/zorin-connect-android/AndroidManifest.xml:181:13-92
199            android:configChanges="orientation|screenSize"
199-->android-part/zorin-connect-android/AndroidManifest.xml:182:13-59
200            android:excludeFromRecents="true"
200-->android-part/zorin-connect-android/AndroidManifest.xml:183:13-46
201            android:label="@string/findmyphone_title"
201-->android-part/zorin-connect-android/AndroidManifest.xml:184:13-54
202            android:launchMode="singleInstance" />
202-->android-part/zorin-connect-android/AndroidManifest.xml:185:13-48
203
204        <receiver
204-->android-part/zorin-connect-android/AndroidManifest.xml:187:9-192:20
205            android:name="org.kde.kdeconnect.Plugins.FindMyPhonePlugin.FindMyPhoneReceiver"
205-->android-part/zorin-connect-android/AndroidManifest.xml:187:19-98
206            android:exported="true" >
206-->android-part/zorin-connect-android/AndroidManifest.xml:188:13-36
207            <intent-filter>
207-->android-part/zorin-connect-android/AndroidManifest.xml:189:13-191:29
208                <action android:name="org.kde.kdeconnect.Plugins.FindMyPhonePlugin.foundIt" />
208-->android-part/zorin-connect-android/AndroidManifest.xml:190:17-95
208-->android-part/zorin-connect-android/AndroidManifest.xml:190:25-92
209            </intent-filter>
210        </receiver>
211
212        <!-- Plugin-related activities and services -->
213
214        <activity
214-->android-part/zorin-connect-android/AndroidManifest.xml:196:9-199:48
215            android:name="org.kde.kdeconnect.Plugins.ClibpoardPlugin.ClipboardFloatingActivity"
215-->android-part/zorin-connect-android/AndroidManifest.xml:197:13-96
216            android:excludeFromRecents="true"
216-->android-part/zorin-connect-android/AndroidManifest.xml:199:13-46
217            android:theme="@style/Theme.Transparent" />
217-->android-part/zorin-connect-android/AndroidManifest.xml:198:13-53
218        <activity
218-->android-part/zorin-connect-android/AndroidManifest.xml:201:9-209:20
219            android:name="org.kde.kdeconnect.Plugins.MprisPlugin.MprisActivity"
219-->android-part/zorin-connect-android/AndroidManifest.xml:202:13-80
220            android:label="@string/open_mpris_controls"
220-->android-part/zorin-connect-android/AndroidManifest.xml:203:13-56
221            android:launchMode="singleTop"
221-->android-part/zorin-connect-android/AndroidManifest.xml:204:13-43
222            android:parentActivityName="org.kde.kdeconnect.UserInterface.MainActivity" >
222-->android-part/zorin-connect-android/AndroidManifest.xml:205:13-87
223            <meta-data
223-->android-part/zorin-connect-android/AndroidManifest.xml:141:13-143:81
224                android:name="android.support.PARENT_ACTIVITY"
224-->android-part/zorin-connect-android/AndroidManifest.xml:142:17-63
225                android:value="org.kde.kdeconnect.UserInterface.MainActivity" />
225-->android-part/zorin-connect-android/AndroidManifest.xml:143:17-78
226        </activity>
227
228        <receiver
228-->android-part/zorin-connect-android/AndroidManifest.xml:211:9-216:20
229            android:name="org.kde.kdeconnect.Plugins.MprisPlugin.MprisMediaNotificationReceiver"
229-->android-part/zorin-connect-android/AndroidManifest.xml:211:19-103
230            android:exported="true" >
230-->android-part/zorin-connect-android/AndroidManifest.xml:212:13-36
231            <intent-filter>
231-->android-part/zorin-connect-android/AndroidManifest.xml:213:13-215:29
232                <action android:name="android.intent.action.MEDIA_BUTTON" />
232-->android-part/zorin-connect-android/AndroidManifest.xml:214:17-77
232-->android-part/zorin-connect-android/AndroidManifest.xml:214:25-74
233            </intent-filter>
234        </receiver>
235
236        <activity
236-->android-part/zorin-connect-android/AndroidManifest.xml:218:9-226:20
237            android:name="org.kde.kdeconnect.Plugins.RunCommandPlugin.RunCommandActivity"
237-->android-part/zorin-connect-android/AndroidManifest.xml:219:13-90
238            android:exported="false"
238-->android-part/zorin-connect-android/AndroidManifest.xml:221:13-37
239            android:label="@string/pref_plugin_runcommand"
239-->android-part/zorin-connect-android/AndroidManifest.xml:220:13-59
240            android:parentActivityName="org.kde.kdeconnect.UserInterface.MainActivity" >
240-->android-part/zorin-connect-android/AndroidManifest.xml:222:13-87
241            <meta-data
241-->android-part/zorin-connect-android/AndroidManifest.xml:141:13-143:81
242                android:name="android.support.PARENT_ACTIVITY"
242-->android-part/zorin-connect-android/AndroidManifest.xml:142:17-63
243                android:value="org.kde.kdeconnect.UserInterface.MainActivity" />
243-->android-part/zorin-connect-android/AndroidManifest.xml:143:17-78
244        </activity>
245        <activity
245-->android-part/zorin-connect-android/AndroidManifest.xml:227:9-233:47
246            android:name="org.kde.kdeconnect.Plugins.RunCommandPlugin.RunCommandWidgetConfigActivity"
246-->android-part/zorin-connect-android/AndroidManifest.xml:228:13-102
247            android:excludeFromRecents="true"
247-->android-part/zorin-connect-android/AndroidManifest.xml:229:13-46
248            android:label="@string/pref_plugin_runcommand"
248-->android-part/zorin-connect-android/AndroidManifest.xml:230:13-59
249            android:launchMode="singleTask"
249-->android-part/zorin-connect-android/AndroidManifest.xml:231:13-44
250            android:noHistory="true"
250-->android-part/zorin-connect-android/AndroidManifest.xml:232:13-37
251            android:screenOrientation="user" />
251-->android-part/zorin-connect-android/AndroidManifest.xml:233:13-45
252
253        <service
253-->android-part/zorin-connect-android/AndroidManifest.xml:235:9-238:72
254            android:name="org.kde.kdeconnect.Plugins.RunCommandPlugin.CommandsRemoteViewsService"
254-->android-part/zorin-connect-android/AndroidManifest.xml:236:13-98
255            android:exported="false"
255-->android-part/zorin-connect-android/AndroidManifest.xml:237:13-37
256            android:permission="android.permission.BIND_REMOTEVIEWS" />